Log file open, 11/22/21 22:17:20
LogWindows: Failed to load 'aqProf.dll' (GetLastError=126)
LogWindows: File 'aqProf.dll' does not exist
LogProfilingDebugging: Loading WinPixEventRuntime.dll for PIX profiling (from ../../../Engine/Binaries/ThirdParty/Windows/WinPixEventRuntime/x64).
LogWindows: Failed to load 'VtuneApi.dll' (GetLastError=126)
LogWindows: File 'VtuneApi.dll' does not exist
LogWindows: Failed to load 'VtuneApi32e.dll' (GetLastError=126)
LogWindows: File 'VtuneApi32e.dll' does not exist
LogConsoleResponse: Display: Failed to find resolution value strings in scalability ini. Falling back to default.
LogConsoleResponse: Display: Failed to find resolution value strings in scalability ini. Falling back to default.
LogInit: Display: Running engine for game: CycleRacingProject
LogPlatformFile: Not using cached read wrapper
LogStats: Stats thread started at 0.197897
LogD3D11RHI: Loaded GFSDK_Aftermath_Lib.x64.dll
LogICUInternationalization: ICU TimeZone Detection - Raw Offset: +8:00, Platform Override: ''
LogPluginManager: Mounting plugin Bridge
LogPluginManager: Mounting plugin MeshPainting
LogPluginManager: Mounting plugin XGEController
LogPluginManager: Mounting plugin Paper2D
LogPluginManager: Mounting plugin AISupport
LogPluginManager: Mounting plugin AnimationSharing
LogPluginManager: Mounting plugin GameplayCameras
LogPluginManager: Mounting plugin CameraShakePreviewer
LogPluginManager: Mounting plugin CLionSourceCodeAccess
LogPluginManager: Mounting plugin CodeLiteSourceCodeAccess
LogPluginManager: Mounting plugin KDevelopSourceCodeAccess
LogPluginManager: Mounting plugin PerforceSourceControl
LogPluginManager: Mounting plugin GitSourceControl
LogPluginManager: Mounting plugin NullSourceCodeAccess
LogPluginManager: Mounting plugin EnvironmentQueryEditor
LogPluginManager: Mounting plugin PlasticSourceControl
LogPluginManager: Mounting plugin PluginUtils
LogPluginManager: Mounting plugin PropertyAccessNode
LogPluginManager: Mounting plugin RiderSourceCodeAccess
LogPluginManager: Mounting plugin SubversionSourceControl
LogPluginManager: Mounting plugin UObjectPlugin
LogPluginManager: Mounting plugin VisualStudioCodeSourceCodeAccess
LogPluginManager: Mounting plugin VisualStudioSourceCodeAccess
LogPluginManager: Mounting plugin XCodeSourceCodeAccess
LogPluginManager: Mounting plugin Niagara
LogPluginManager: Mounting plugin DatasmithContent
LogPluginManager: Mounting plugin VariantManagerContent
LogPluginManager: Mounting plugin AutomationUtils
LogPluginManager: Mounting plugin AlembicImporter
LogPluginManager: Mounting plugin BackChannel
LogPluginManager: Mounting plugin ChaosCloth
LogPluginManager: Mounting plugin ChaosClothEditor
LogPluginManager: Mounting plugin ChaosSolverPlugin
LogPluginManager: Mounting plugin ChaosNiagara
LogPluginManager: Mounting plugin ChaosEditor
LogPluginManager: Mounting plugin ChaosVehiclesPlugin
LogPluginManager: Mounting plugin CharacterAI
LogPluginManager: Mounting plugin AssetManagerEditor
LogPluginManager: Mounting plugin GeometryCache
LogPluginManager: Mounting plugin GeometryCollectionPlugin
LogPluginManager: Mounting plugin CurveEditorTools
LogPluginManager: Mounting plugin CryptoKeys
LogPluginManager: Mounting plugin DataValidation
LogPluginManager: Mounting plugin EditorDebugTools
LogPluginManager: Mounting plugin EditorScriptingUtilities
LogPluginManager: Mounting plugin FacialAnimation
LogPluginManager: Mounting plugin GeometryMode
LogPluginManager: Mounting plugin GameplayTagsEditor
LogPluginManager: Mounting plugin InterchangeEditor
LogPluginManager: Mounting plugin MacGraphicsSwitching
LogPluginManager: Mounting plugin MaterialAnalyzer
LogPluginManager: Mounting plugin MobileLauncherProfileWizard
LogPluginManager: Mounting plugin SpeedTreeImporter
LogPluginManager: Mounting plugin PluginBrowser
LogPluginManager: Mounting plugin GeometryProcessing
LogPluginManager: Mounting plugin MeshModelingToolset
LogPluginManager: Mounting plugin MotoSynth
LogPluginManager: Mounting plugin PlanarCut
LogPluginManager: Mounting plugin PlatformCrypto
LogPluginManager: Mounting plugin ProxyLODPlugin
LogPluginManager: Mounting plugin RawInput
LogPluginManager: Mounting plugin SkeletalReduction
LogPluginManager: Mounting plugin LuminPlatformFeatures
LogPluginManager: Mounting plugin MagicLeap
LogPluginManager: Mounting plugin MagicLeapLightEstimation
LogPluginManager: Mounting plugin MagicLeapMedia
LogPluginManager: Mounting plugin MagicLeapPassableWorld
LogPluginManager: Mounting plugin MLSDK
LogPluginManager: Mounting plugin AndroidMedia
LogPluginManager: Mounting plugin AvfMedia
LogPluginManager: Mounting plugin ImgMedia
LogPluginManager: Mounting plugin MediaCompositing
LogPluginManager: Mounting plugin MediaPlayerEditor
LogPluginManager: Mounting plugin WebMMedia
LogPluginManager: Mounting plugin WmfMedia
LogPluginManager: Mounting plugin LevelSequenceEditor
LogPluginManager: Mounting plugin ActorSequence
LogPluginManager: Mounting plugin MatineeToLevelSequence
LogPluginManager: Mounting plugin TemplateSequence
LogPluginManager: Mounting plugin TcpMessaging
LogPluginManager: Mounting plugin UdpMessaging
LogPluginManager: Mounting plugin OnlineSubsystem
LogPluginManager: Mounting plugin OnlineSubsystemNull
LogPluginManager: Mounting plugin OnlineSubsystemUtils
LogPluginManager: Mounting plugin ActorLayerUtilities
LogPluginManager: Mounting plugin AndroidMoviePlayer
LogPluginManager: Mounting plugin AndroidDeviceProfileSelector
LogPluginManager: Mounting plugin AndroidPermission
LogPluginManager: Mounting plugin AppleImageUtils
LogPluginManager: Mounting plugin AppleMoviePlayer
LogPluginManager: Mounting plugin ArchVisCharacter
LogPluginManager: Mounting plugin AudioCapture
LogPluginManager: Mounting plugin AssetTags
LogPluginManager: Mounting plugin AudioSynesthesia
LogPluginManager: Mounting plugin CableComponent
LogPluginManager: Mounting plugin ChunkDownloader
LogPluginManager: Mounting plugin LauncherChunkInstaller
LogPluginManager: Mounting plugin CustomMeshComponent
LogPluginManager: Mounting plugin ExampleDeviceProfileSelector
LogPluginManager: Mounting plugin GoogleCloudMessaging
LogPluginManager: Mounting plugin GooglePAD
LogPluginManager: Mounting plugin HairStrands
LogPluginManager: Mounting plugin Interchange
LogPluginManager: Mounting plugin IOSDeviceProfileSelector
LogPluginManager: Mounting plugin ScreenshotTools
LogPluginManager: Mounting plugin LinuxDeviceProfileSelector
LogPluginManager: Mounting plugin LocationServicesBPLibrary
LogPluginManager: Mounting plugin MobilePatchingUtils
LogPluginManager: Mounting plugin PhysXVehicles
LogPluginManager: Mounting plugin ProceduralMeshComponent
LogPluginManager: Mounting plugin PropertyAccessEditor
LogPluginManager: Mounting plugin RuntimePhysXCooking
LogPluginManager: Mounting plugin SignificanceManager
LogPluginManager: Mounting plugin SoundFields
LogPluginManager: Mounting plugin Synthesis
LogConfig: Display: Loading platform ini files took 0.12 seconds
LogPluginManager: Mounting plugin WebMMoviePlayer
LogPluginManager: Mounting plugin WindowsMoviePlayer
LogPluginManager: Mounting plugin ContentBrowserClassDataSource
LogPluginManager: Mounting plugin ContentBrowserAssetDataSource
LogPluginManager: Mounting plugin OnlineSubsystemGooglePlay
LogPluginManager: Mounting plugin OnlineSubsystemIOS
LogPluginManager: Mounting plugin OculusVR
LogPluginManager: Mounting plugin SteamVR
Launching UnrealBuildTool... [D:/Epic/ue5/UE_5.0EA/Engine/Binaries/DotNET/UnrealBuildTool/UnrealBuildTool.exe -Mode=QueryTargets -Project="E:/ue_project/newProject/CycleRacingProject/CycleRacingProject.uproject" -Output="E:/ue_project/newProject/CycleRacingProject/Intermediate/TargetInfo.json"]
LogInit: Warning: Incompatible or missing module: CycleRacingProject
Running D:/Epic/ue5/UE_5.0EA/Engine/Binaries/DotNET/UnrealBuildTool/UnrealBuildTool.exe Development Win64 -Project="E:/ue_project/newProject/CycleRacingProject/CycleRacingProject.uproject" -TargetType=Editor -Progress -NoEngineChanges -NoHotReloadFromIDE
Win64 using Manual SDK 10.0.17763.0
Using 'git status' to determine working set for adaptive non-unity build (E:\ue_project\newProject\CycleRacingProject).
Creating makefile for CycleRacingProjectEditor (no existing makefile)
@progress push 5%
Parsing headers for CycleRacingProjectEditor
  Running UnrealHeaderTool "E:\ue_project\newProject\CycleRacingProject\CycleRacingProject.uproject" "E:\ue_project\newProject\CycleRacingProject\Intermediate\Build\Win64\CycleRacingProjectEditor\Development\CycleRacingProjectEditor.uhtmanifest" -LogCmds="loginit warning, logexit warning, logdatabase error" -Unattended -WarningsAsErrors -abslog="C:\Users\MSI\AppData\Local\UnrealBuildTool\Log_UHT.txt" -installed
Reflection code generated for CycleRacingProjectEditor in 3.1218943 seconds
@progress pop
Building CycleRacingProjectEditor...
Using Visual Studio 2019 14.29.30137 toolchain (C:\Program Files (x86)\Microsoft Visual Studio\2019\Community\VC\Tools\MSVC\14.29.30133) and Windows 10.0.17763.0 SDK (C:\Program Files (x86)\Windows Kits\10).
[Adaptive Build] Excluded from CycleRacingProject unity file: EventSystem.cpp, VehicleGameMode.cpp, CarWheeledVehiclePawn.cpp, CycleRacingProjectGameModeBase.cpp
Building 21 actions with 12 processes...
  @progress 'Compiling C++ source code...' 0%
  @progress 'Compiling C++ source code...' 5%
  [1/21] Default.rc2
  @progress 'Compiling C++ source code...' 10%
  [2/21] SharedPCH.Engine.ShadowErrors.cpp
  @progress 'Compiling C++ source code...' 14%
  [3/21] EventSystem.cpp
  E:\ue_project\newProject\CycleRacingProject\Source\CycleRacingProject\Public\EventSystem.h(25): error C2653: ??FLogCategoryLOGTemp??: ?????????????ռ?????
  E:\ue_project\newProject\CycleRacingProject\Source\CycleRacingProject\Public\EventSystem.h(25): error C2065: ??CompileTimeVerbosity??: δ?????ı?ʶ??
  E:\ue_project\newProject\CycleRacingProject\Source\CycleRacingProject\Public\EventSystem.h(25): error C2653: ??LUEventSystem??: ?????????????ռ?????
  E:\ue_project\newProject\CycleRacingProject\Source\CycleRacingProject\Public\EventSystem.h(25): error C2338: Formatting string must be a TCHAR array.
  E:\ue_project\newProject\CycleRacingProject\Source\CycleRacingProject\Public\EventSystem.h(25): error C2065: ??LOGTemp??: δ?????ı?ʶ??  @progress 'Compiling C++ source code...' 19%
  [4/21] CycleRacingProject.cpp
  @progress 'Compiling C++ source code...' 24%
  [5/21] CycleRacingProjectGameModeBase.cpp
  @progress 'Compiling C++ source code...' 29%
  [6/21] CycleRacingProject.init.gen.cpp
  @progress 'Compiling C++ source code...' 33%
  [7/21] CarWheelRear.cpp
  @progress 'Compiling C++ source code...' 38%
  [8/21] CarHUD.cpp
  @progress 'Compiling C++ source code...' 43%
  [9/21] CarWheelRear.gen.cpp
  @progress 'Compiling C++ source code...' 48%
  [10/21] VehicleGameMode.gen.cpp
  @progress 'Compiling C++ source code...' 52%
  [11/21] CarWheeledVehiclePawn.gen.cpp
  @progress 'Compiling C++ source code...' 57%
  [12/21] CarWheelFront.gen.cpp
  @progress 'Compiling C++ source code...' 62%
  [13/21] EventSystem.gen.cpp
  E:\ue_project\newProject\CycleRacingProject\Source\CycleRacingProject/Public/EventSystem.h(25): error C2653: ??FLogCategoryLOGTemp??: ?????????????ռ?????
  E:\ue_project\newProject\CycleRacingProject\Source\CycleRacingProject/Public/EventSystem.h(25): error C2065: ??CompileTimeVerbosity??: δ?????ı?ʶ??
  E:\ue_project\newProject\CycleRacingProject\Source\CycleRacingProject/Public/EventSystem.h(25): error C2653: ??LUEventSystem??: ?????????????ռ?????
  E:\ue_project\newProject\CycleRacingProject\Source\CycleRacingProject/Public/EventSystem.h(25): error C2338: Formatting string must be a TCHAR array.
  E:\ue_project\newProject\CycleRacingProject\Source\CycleRacingProject/Public/EventSystem.h(25): error C2065: ??LOGTemp??: δ?????ı?ʶ??  @progress 'Compiling C++ source code...' 67%
  [14/21] CarWheelFront.cpp
  @progress 'Compiling C++ source code...' 71%
  [15/21] VehicleGameMode.cpp
  E:\ue_project\newProject\CycleRacingProject\Source\CycleRacingProject\Public\EventSystem.h(25): error C2653: ??FLogCategoryLOGTemp??: ?????????????ռ?????
  E:\ue_project\newProject\CycleRacingProject\Source\CycleRacingProject\Public\EventSystem.h(25): error C2065: ??CompileTimeVerbosity??: δ?????ı?ʶ??
  E:\ue_project\newProject\CycleRacingProject\Source\CycleRacingProject\Public\EventSystem.h(25): error C2653: ??LUEventSystem??: ?????????????ռ?????
  E:\ue_project\newProject\CycleRacingProject\Source\CycleRacingProject\Public\EventSystem.h(25): error C2338: Formatting string must be a TCHAR array.
  E:\ue_project\newProject\CycleRacingProject\Source\CycleRacingProject\Public\EventSystem.h(25): error C2065: ??LOGTemp??: δ?????ı?ʶ??
  @progress 'Compiling C++ source code...' 76%
  [16/21] CarHUD.gen.cpp
  @progress 'Compiling C++ source code...' 81%
  [17/21] CycleRacingProjectGameModeBase.gen.cpp
  @progress 'Compiling C++ source code...' 86%
  [18/21] CarWheeledVehiclePawn.cpp
  E:\ue_project\newProject\CycleRacingProject\Source\CycleRacingProject\Public/EventSystem.h(25): error C2653: ??FLogCategoryLOGTemp??: ?????????????ռ?????
  E:\ue_project\newProject\CycleRacingProject\Source\CycleRacingProject\Public/EventSystem.h(25): error C2065: ??CompileTimeVerbosity??: δ?????ı?ʶ??
  E:\ue_project\newProject\CycleRacingProject\Source\CycleRacingProject\Public/EventSystem.h(25): error C2653: ??LUEventSystem??: ?????????????ռ?????
  E:\ue_project\newProject\CycleRacingProject\Source\CycleRacingProject\Public/EventSystem.h(25): error C2338: Formatting string must be a TCHAR array.
LogInit: Warning: Still incompatible or missing module: CycleRacingProject
LogCore: Engine exit requested (reason: EngineExit() was called)
LogExit: Preparing to exit.
LogModuleManager: Shutting down and abandoning module DesktopPlatform (48)
LogModuleManager: Shutting down and abandoning module PlatformCryptoOpenSSL (46)
LogModuleManager: Shutting down and abandoning module PlatformCryptoTypes (44)
LogModuleManager: Shutting down and abandoning module PlatformCrypto (42)
LogModuleManager: Shutting down and abandoning module XGEController (40)
LogXGEController: Cannot use XGE Controller as Incredibuild is not installed on this machine.
LogXGEController: Cleaning working directory: C:/Users/MSI/AppData/Local/Temp/UnrealXGEWorkingDir/
LogModuleManager: Shutting down and abandoning module AnimationModifiers (38)
LogModuleManager: Shutting down and abandoning module AudioEditor (36)
LogModuleManager: Shutting down and abandoning module PropertyEditor (35)
LogModuleManager: Shutting down and abandoning module TextureCompressor (32)
LogModuleManager: Shutting down and abandoning module RenderCore (30)
LogModuleManager: Shutting down and abandoning module Landscape (28)
LogModuleManager: Shutting down and abandoning module SlateRHIRenderer (26)
LogModuleManager: Shutting down and abandoning module OpenGLDrv (24)
LogModuleManager: Shutting down and abandoning module D3D11RHI (22)
LogModuleManager: Shutting down and abandoning module AnimGraphRuntime (20)
LogModuleManager: Shutting down and abandoning module Renderer (18)
LogModuleManager: Shutting down and abandoning module Engine (16)
LogModuleManager: Shutting down and abandoning module CoreUObject (14)
LogModuleManager: Shutting down and abandoning module NetworkFile (12)
LogModuleManager: Shutting down and abandoning module CookedIterativeFile (10)
LogModuleManager: Shutting down and abandoning module StreamingFile (8)
LogModuleManager: Shutting down and abandoning module SandboxFile (6)
LogModuleManager: Shutting down and abandoning module PakFile (4)
LogModuleManager: Shutting down and abandoning module RSA (3)
LogExit: Exiting.
Log file closed, 11/22/21 22:18:14
